<?xml version="1.0" encoding="UTF-8"?>
<!-- Generated by org.testng.reporters.JUnitReportReporter -->
<testsuite hostname="Jhon1-PC" name="day5.DyanamicCalanderTest" tests="1" failures="0" timestamp="26 Dec 2015 05:09:55 GMT" time="37.097" errors="0">
  <testcase name="DynamicCalTest" time="37.097" classname="day5.DyanamicCalanderTest"/>
</testsuite> <!-- day5.DyanamicCalanderTest -->
