<?xml version="1.0" encoding="UTF-8"?>
<!-- Generated by org.testng.reporters.JUnitReportReporter -->
<testsuite hostname="Jhon1-PC" name="day7.ExtentReportsGenerations" tests="1" failures="0" timestamp="30 Dec 2015 08:33:09 GMT" time="30.421" errors="0">
  <testcase name="reportTest" time="30.421" classname="day7.ExtentReportsGenerations"/>
</testsuite> <!-- day7.ExtentReportsGenerations -->
