<?xml version="1.0" encoding="UTF-8"?>
<!-- Generated by org.testng.reporters.JUnitReportReporter -->
<testsuite hostname="Jhon1-PC" name="day3.WriteDataintoExcel" tests="1" failures="0" timestamp="25 Dec 2015 05:22:36 GMT" time="90.797" errors="0">
  <testcase name="ExcelOperations" time="90.797" classname="day3.WriteDataintoExcel"/>
</testsuite> <!-- day3.WriteDataintoExcel -->
