<?xml version="1.0" encoding="UTF-8"?>
<!-- Generated by org.testng.reporters.JUnitReportReporter -->
<testsuite hostname="Jhon1-PC" name="day6.Login" tests="1" failures="0" timestamp="30 Dec 2015 11:36:10 GMT" time="44.886" errors="0">
  <testcase name="LoginTest" time="44.886" classname="day6.Login"/>
</testsuite> <!-- day6.Login -->
