<?xml version="1.0" encoding="UTF-8"?>
<!-- Generated by org.testng.reporters.JUnitReportReporter -->
<testsuite hostname="Jhon1-PC" name="day6.ExcelOperations" tests="1" failures="0" timestamp="30 Dec 2015 11:36:10 GMT" time="253.968" errors="0">
  <testcase name="LinkTesting" time="253.968" classname="day6.ExcelOperations"/>
</testsuite> <!-- day6.ExcelOperations -->
