<?xml version="1.0" encoding="UTF-8"?>
<!-- Generated by org.testng.reporters.JUnitReportReporter -->
<testsuite hostname="Jhon1-PC" name="day1.LinkTesting3" tests="1" failures="0" timestamp="30 Dec 2015 06:30:54 GMT" time="45.163" errors="0">
  <testcase name="linktes" time="45.163" classname="day1.LinkTesting3"/>
</testsuite> <!-- day1.LinkTesting3 -->
